<?xml version="1.0" encoding="UTF-8"?>
<!-- Generated by org.testng.reporters.JUnitReportReporter -->
<testsuite skipped="0" hostname="DESKTOP-PI2DKES" name="com.selenium.practice.tests.MultipleWindowsTest" tests="1" failures="0" timestamp="21 Mar 2018 13:44:00 GMT" time="10.142" errors="0">
  <testcase name="testMultipleWindows" time="10.142" classname="com.selenium.practice.tests.MultipleWindowsTest"/>
</testsuite> <!-- com.selenium.practice.tests.MultipleWindowsTest -->
