<?xml version="1.0" encoding="UTF-8"?>
<!-- Generated by org.testng.reporters.JUnitReportReporter -->
<testsuite skipped="0" hostname="DESKTOP-PI2DKES" name="com.selenium.practice.tests.MultipleWindows" tests="1" failures="0" timestamp="21 Mar 2018 12:35:58 GMT" time="10.273" errors="0">
  <testcase name="testMultipleWindows" time="10.273" classname="com.selenium.practice.tests.MultipleWindows"/>
</testsuite> <!-- com.selenium.practice.tests.MultipleWindows -->
