<?xml version="1.0" encoding="UTF-8"?>
<!-- Generated by org.testng.reporters.JUnitReportReporter -->
<testsuite skipped="0" hostname="DESKTOP-PI2DKES" name="com.selenium.practice.tests.DragNDropTest" tests="1" failures="0" timestamp="21 Mar 2018 13:55:32 GMT" time="7.475" errors="0">
  <testcase name="testDragAndDrop" time="7.475" classname="com.selenium.practice.tests.DragNDropTest"/>
</testsuite> <!-- com.selenium.practice.tests.DragNDropTest -->
