<?xml version="1.0" encoding="UTF-8"?>
<!-- Generated by org.testng.reporters.JUnitReportReporter -->
<testsuite skipped="0" hostname="DESKTOP-PI2DKES" name="com.selenium.practice.tests.NestedFrameTest" tests="1" failures="0" timestamp="21 Mar 2018 17:42:07 GMT" time="5.317" errors="0">
  <testcase name="testIFrame" time="5.317" classname="com.selenium.practice.tests.NestedFrameTest"/>
</testsuite> <!-- com.selenium.practice.tests.NestedFrameTest -->
